<?xml version="1.0" encoding="UTF-8"?>
<!-- Generated by org.testng.reporters.JUnitReportReporter -->
<testsuite hostname="C1GF112CIQ" name="test_package.DoLogin" tests="1" failures="0" timestamp="20 Sep 2019 11:30:03 GMT" time="6.488" errors="0">
  <testcase name="doLogin" time="6.488" classname="test_package.DoLogin"/>
</testsuite> <!-- test_package.DoLogin -->
